2026-05-16 20:51:24  INFO      ============================================================
2026-05-16 20:51:24  INFO      blog TUI started
2026-05-16 20:52:05  INFO      ============================================================
2026-05-16 20:52:05  INFO      blog TUI started
2026-05-16 20:52:05  INFO      Python 3.13.7, sys.executable=/home/treacy998/dev/blog/irish-energy-blog/venv/bin/python
2026-05-16 20:52:05  INFO      ROOT=/home/treacy998/dev/blog/irish-energy-blog, HUGO=/home/treacy998/.local/bin/hugo
2026-05-16 20:52:05  INFO      HUGO exists: True
2026-05-16 20:52:05  INFO      Entering main menu
2026-05-16 20:52:26  INFO      ============================================================
2026-05-16 20:52:26  INFO      blog TUI started
2026-05-16 20:52:26  INFO      Python 3.13.7, sys.executable=/home/treacy998/dev/blog/irish-energy-blog/venv/bin/python
2026-05-16 20:52:26  INFO      ROOT=/home/treacy998/dev/blog/irish-energy-blog, HUGO=/home/treacy998/.local/bin/hugo
2026-05-16 20:52:26  INFO      HUGO exists: True
2026-05-16 20:52:26  INFO      Entering main menu
2026-05-16 20:52:26  INFO      Menu selection: quit
2026-05-16 20:52:37  INFO      Menu selection: None
2026-05-16 20:52:38  INFO      Menu selection: None
2026-05-16 20:52:39  INFO      Menu selection: None
2026-05-16 20:52:40  INFO      Menu selection: None
2026-05-16 20:52:41  INFO      Menu selection: None
2026-05-16 20:52:41  INFO      Menu selection: None
2026-05-16 20:52:41  INFO      Menu selection: None
2026-05-16 20:52:42  INFO      Menu selection: None
2026-05-16 20:52:42  INFO      Menu selection: None
2026-05-16 20:52:42  INFO      Menu selection: None
2026-05-16 20:52:43  INFO      Menu selection: None
2026-05-16 20:52:43  INFO      Menu selection: None
2026-05-16 20:52:49  INFO      Menu selection: None
2026-05-16 20:52:50  INFO      Menu selection: None
2026-05-16 20:52:57  INFO      ============================================================
2026-05-16 20:52:57  INFO      blog TUI started
2026-05-16 20:52:57  INFO      Python 3.13.7, sys.executable=/home/treacy998/dev/blog/irish-energy-blog/venv/bin/python
2026-05-16 20:52:57  INFO      ROOT=/home/treacy998/dev/blog/irish-energy-blog, HUGO=/home/treacy998/.local/bin/hugo
2026-05-16 20:52:57  INFO      HUGO exists: True
2026-05-16 20:52:57  INFO      Entering main menu
2026-05-16 22:22:12  INFO      Menu selection: daily
2026-05-16 22:22:12  INFO      new_daily: started
2026-05-16 22:22:12  INFO      new_daily: found 4 SEMO files in /home/treacy998/dev/blog/irish-energy-blog/data
2026-05-16 22:22:12  INFO      new_daily: using MarketResult_SEM-DA_PWR-MRC-D+1_20260505100000_20260505105501.csv
2026-05-16 22:22:12  INFO      new_daily: running pipeline /home/treacy998/dev/blog/irish-energy-blog/pipeline/run_daily.py (cwd=/home/treacy998/dev/blog/irish-energy-blog/pipeline)
2026-05-16 22:22:14  INFO      new_daily: pipeline exit code 0
2026-05-16 22:22:14  INFO      new_daily: opening 2026-05-06.md in VS Code
2026-05-16 22:22:24  INFO      Menu selection: daily
2026-05-16 22:22:24  INFO      new_daily: started
2026-05-16 22:22:24  INFO      new_daily: found 4 SEMO files in /home/treacy998/dev/blog/irish-energy-blog/data
2026-05-16 22:22:24  INFO      new_daily: using MarketResult_SEM-DA_PWR-MRC-D+1_20260505100000_20260505105501.csv
2026-05-16 22:22:24  INFO      new_daily: running pipeline /home/treacy998/dev/blog/irish-energy-blog/pipeline/run_daily.py (cwd=/home/treacy998/dev/blog/irish-energy-blog/pipeline)
2026-05-16 22:22:26  INFO      new_daily: pipeline exit code 0
2026-05-16 22:22:26  INFO      new_daily: opening 2026-05-06.md in VS Code
2026-05-16 22:23:07  INFO      Menu selection: None
2026-05-16 22:23:15  INFO      Menu selection: preview
2026-05-16 22:23:15  INFO      preview_site: starting Hugo server (hugo=/home/treacy998/.local/bin/hugo, cwd=/home/treacy998/dev/blog/irish-energy-blog/site)
2026-05-16 22:52:23  INFO      preview_site: stopped by user (Ctrl+C)
2026-05-16 23:00:30  INFO      Menu selection: quit
2026-05-16 23:00:32  INFO      ============================================================
2026-05-16 23:00:32  INFO      blog TUI started
2026-05-16 23:00:32  INFO      Python 3.13.7, sys.executable=/home/treacy998/dev/blog/irish-energy-blog/venv/bin/python
2026-05-16 23:00:32  INFO      ROOT=/home/treacy998/dev/blog/irish-energy-blog, HUGO=/home/treacy998/.local/bin/hugo
2026-05-16 23:00:32  INFO      HUGO exists: True
2026-05-16 23:00:32  INFO      Entering main menu
2026-05-16 23:00:38  INFO      Menu selection: daily
2026-05-16 23:00:38  INFO      new_daily: started
2026-05-16 23:00:38  INFO      new_daily: found 4 SEMO files in /home/treacy998/dev/blog/irish-energy-blog/data
2026-05-16 23:00:38  INFO      new_daily: using MarketResult_SEM-DA_PWR-MRC-D+1_20260505100000_20260505105501.csv
2026-05-16 23:00:38  INFO      new_daily: running pipeline /home/treacy998/dev/blog/irish-energy-blog/pipeline/run_daily.py (cwd=/home/treacy998/dev/blog/irish-energy-blog/pipeline)
2026-05-16 23:00:40  INFO      new_daily: pipeline exit code 0
2026-05-16 23:00:40  INFO      new_daily: opening 2026-05-06.md in VS Code
2026-05-16 23:08:16  INFO      Menu selection: post
2026-05-16 23:08:16  INFO      new_post: started
2026-05-16 23:08:30  INFO      new_post: creating /home/treacy998/dev/blog/irish-energy-blog/site/content/weekly/2026-05-16-test-title-for-weekly-deep-dive.md (section=weekly)
2026-05-16 23:08:46  INFO      Menu selection: manage
2026-05-16 23:09:01  INFO      Menu selection: manage
2026-05-16 23:09:09  INFO      Menu selection: manage
2026-05-16 23:09:22  INFO      Menu selection: preview
2026-05-16 23:09:22  INFO      preview_site: starting Hugo server (hugo=/home/treacy998/.local/bin/hugo, cwd=/home/treacy998/dev/blog/irish-energy-blog/site)
2026-05-16 23:28:49  INFO      preview_site: stopped by user (Ctrl+C)
2026-05-16 23:28:51  INFO      Menu selection: None
2026-05-16 23:28:52  INFO      Menu selection: None
2026-05-16 23:28:53  INFO      Menu selection: quit
2026-05-16 23:28:56  INFO      ============================================================
2026-05-16 23:28:56  INFO      blog TUI started
2026-05-16 23:28:56  INFO      Python 3.13.7, sys.executable=/home/treacy998/dev/blog/irish-energy-blog/venv/bin/python
2026-05-16 23:28:56  INFO      ROOT=/home/treacy998/dev/blog/irish-energy-blog, HUGO=/home/treacy998/.local/bin/hugo
2026-05-16 23:28:56  INFO      HUGO exists: True
2026-05-16 23:28:56  INFO      Entering main menu
2026-05-16 23:29:01  INFO      Menu selection: preview
2026-05-16 23:29:01  INFO      preview_site: starting Hugo server (hugo=/home/treacy998/.local/bin/hugo, cwd=/home/treacy998/dev/blog/irish-energy-blog/site)
2026-05-16 23:40:12  INFO      preview_site: stopped by user (Ctrl+C)
2026-05-16 23:40:24  INFO      Menu selection: deploy
2026-05-16 23:40:24  INFO      deploy: started
2026-05-16 23:40:56  INFO      deploy: running git add .
2026-05-16 23:40:56  INFO      deploy: add exit code 0
2026-05-16 23:40:56  INFO      deploy: running git commit -m Stable version 1: changes needed regarding coloring, commentary areas, but it's working
2026-05-16 23:40:56  INFO      deploy: commit exit code 0
2026-05-16 23:40:56  INFO      deploy: running git push
2026-05-16 23:40:58  INFO      deploy: push exit code 0
2026-05-16 23:40:58  INFO      deploy: completed successfully
2026-05-16 23:42:41  INFO      Menu selection: quit
2026-05-16 23:45:00  INFO      ============================================================
2026-05-16 23:45:00  INFO      blog TUI started
2026-05-16 23:45:00  INFO      Python 3.13.7, sys.executable=/home/treacy998/dev/blog/irish-energy-blog/venv/bin/python
2026-05-16 23:45:00  INFO      ROOT=/home/treacy998/dev/blog/irish-energy-blog, HUGO=/home/treacy998/.local/bin/hugo
2026-05-16 23:45:00  INFO      HUGO exists: True
2026-05-16 23:45:00  INFO      Entering main menu
2026-05-16 23:45:03  INFO      Menu selection: daily
2026-05-16 23:45:03  INFO      new_daily: started
2026-05-16 23:45:03  INFO      new_daily: found 4 SEMO files in /home/treacy998/dev/blog/irish-energy-blog/data
2026-05-16 23:45:03  INFO      new_daily: using MarketResult_SEM-DA_PWR-MRC-D+1_20260505100000_20260505105501.csv
2026-05-16 23:45:03  INFO      new_daily: running pipeline /home/treacy998/dev/blog/irish-energy-blog/pipeline/run_daily.py (cwd=/home/treacy998/dev/blog/irish-energy-blog/pipeline)
2026-05-16 23:45:04  INFO      new_daily: pipeline exit code 0
2026-05-16 23:45:04  INFO      new_daily: opening 2026-05-06.md in VS Code
2026-05-16 23:46:19  INFO      Menu selection: quit
2026-05-18 13:09:42  INFO      ============================================================
2026-05-18 13:09:42  INFO      blog TUI started
2026-05-18 13:09:42  INFO      Python 3.13.7, sys.executable=/home/treacy998/dev/blog/irish-energy-blog/venv/bin/python
2026-05-18 13:09:42  INFO      ROOT=/home/treacy998/dev/blog/irish-energy-blog, HUGO=/home/treacy998/.local/bin/hugo
2026-05-18 13:09:42  INFO      HUGO exists: True
2026-05-18 13:09:42  INFO      Entering main menu
2026-05-18 13:09:43  INFO      Menu selection: daily
2026-05-18 13:09:43  INFO      new_daily: started
2026-05-18 13:09:43  INFO      new_daily: found 4 SEMO files in /home/treacy998/dev/blog/irish-energy-blog/data
2026-05-18 13:09:43  INFO      new_daily: using MarketResult_SEM-DA_PWR-MRC-D+1_20260505100000_20260505105501.csv
2026-05-18 13:09:43  INFO      new_daily: running pipeline /home/treacy998/dev/blog/irish-energy-blog/pipeline/run_daily.py (cwd=/home/treacy998/dev/blog/irish-energy-blog/pipeline)
2026-05-18 13:09:45  INFO      new_daily: pipeline exit code 0
2026-05-18 13:09:45  INFO      new_daily: opening 2026-05-06.md in VS Code
2026-05-18 13:10:53  INFO      Menu selection: preview
2026-05-18 13:10:53  INFO      preview_site: starting Hugo server (hugo=/home/treacy998/.local/bin/hugo, cwd=/home/treacy998/dev/blog/irish-energy-blog/site)
2026-05-18 13:11:34  INFO      preview_site: stopped by user (Ctrl+C)
2026-05-18 13:11:37  INFO      Menu selection: daily
2026-05-18 13:11:37  INFO      new_daily: started
2026-05-18 13:11:37  INFO      new_daily: found 4 SEMO files in /home/treacy998/dev/blog/irish-energy-blog/data
2026-05-18 13:11:37  INFO      new_daily: using MarketResult_SEM-DA_PWR-MRC-D+1_20260505100000_20260505105501.csv
2026-05-18 13:11:37  INFO      new_daily: running pipeline /home/treacy998/dev/blog/irish-energy-blog/pipeline/run_daily.py (cwd=/home/treacy998/dev/blog/irish-energy-blog/pipeline)
2026-05-18 13:11:40  INFO      new_daily: pipeline exit code 0
2026-05-18 13:11:40  INFO      new_daily: opening 2026-05-06.md in VS Code
2026-05-18 13:12:54  INFO      ============================================================
2026-05-18 13:12:54  INFO      blog TUI started
2026-05-18 13:12:54  INFO      Python 3.13.7, sys.executable=/home/treacy998/dev/blog/irish-energy-blog/venv/bin/python
2026-05-18 13:12:54  INFO      ROOT=/home/treacy998/dev/blog/irish-energy-blog, HUGO=/home/treacy998/.local/bin/hugo
2026-05-18 13:12:54  INFO      HUGO exists: True
2026-05-18 13:12:54  INFO      Entering main menu
2026-05-18 13:12:56  INFO      Menu selection: deploy
2026-05-18 13:12:56  INFO      deploy: started
2026-05-18 13:13:02  INFO      deploy: running git add .
2026-05-18 13:13:02  INFO      deploy: add exit code 0
2026-05-18 13:13:02  INFO      deploy: running git commit -m Added the price vs wind chart
2026-05-18 13:13:02  INFO      deploy: commit exit code 0
2026-05-18 13:13:02  INFO      deploy: running git push
2026-05-18 13:13:04  INFO      deploy: push exit code 0
2026-05-18 13:13:04  INFO      deploy: completed successfully
2026-05-18 13:13:27  INFO      Menu selection: None
2026-05-18 13:13:29  INFO      Menu selection: quit
2026-05-18 13:21:32  INFO      Menu selection: preview
2026-05-18 13:21:32  INFO      preview_site: starting Hugo server (hugo=/home/treacy998/.local/bin/hugo, cwd=/home/treacy998/dev/blog/irish-energy-blog/site)
2026-05-18 13:37:58  INFO      preview_site: stopped by user (Ctrl+C)
2026-05-18 13:38:01  INFO      Menu selection: quit
2026-05-18 13:38:07  INFO      ============================================================
2026-05-18 13:38:07  INFO      blog TUI started
2026-05-18 13:38:07  INFO      Python 3.13.7, sys.executable=/home/treacy998/dev/blog/irish-energy-blog/venv/bin/python
2026-05-18 13:38:07  INFO      ROOT=/home/treacy998/dev/blog/irish-energy-blog, HUGO=/home/treacy998/.local/bin/hugo
2026-05-18 13:38:07  INFO      HUGO exists: True
2026-05-18 13:38:07  INFO      Entering main menu
2026-05-18 19:37:56  INFO      Menu selection: daily
2026-05-18 19:37:56  INFO      new_daily: started
2026-05-18 19:37:56  INFO      new_daily: found 5 SEMO files in /home/treacy998/dev/blog/irish-energy-blog/data
2026-05-18 19:37:56  INFO      new_daily: using MarketResult_SEM-DA_PWR-MRC-D+1_20260516100000_20260516105503.csv
2026-05-18 19:37:56  INFO      new_daily: running pipeline /home/treacy998/dev/blog/irish-energy-blog/pipeline/run_daily.py (cwd=/home/treacy998/dev/blog/irish-energy-blog/pipeline)
2026-05-18 19:37:57  INFO      new_daily: pipeline exit code 1
2026-05-18 19:37:57  ERROR     new_daily: pipeline failed
2026-05-18 19:38:18  INFO      Menu selection: quit
2026-05-18 19:38:21  INFO      ============================================================
2026-05-18 19:38:21  INFO      blog TUI started
2026-05-18 19:38:21  INFO      Python 3.13.7, sys.executable=/home/treacy998/dev/blog/irish-energy-blog/venv/bin/python
2026-05-18 19:38:21  INFO      ROOT=/home/treacy998/dev/blog/irish-energy-blog, HUGO=/home/treacy998/.local/bin/hugo
2026-05-18 19:38:21  INFO      HUGO exists: True
2026-05-18 19:38:21  INFO      Entering main menu
2026-05-18 19:38:22  INFO      Menu selection: daily
2026-05-18 19:38:22  INFO      new_daily: started
2026-05-18 19:38:22  INFO      new_daily: found 5 SEMO files in /home/treacy998/dev/blog/irish-energy-blog/data
2026-05-18 19:38:22  INFO      new_daily: using MarketResult_SEM-DA_PWR-MRC-D+1_20260516100000_20260516105503.csv
2026-05-18 19:38:22  INFO      new_daily: running pipeline /home/treacy998/dev/blog/irish-energy-blog/pipeline/run_daily.py (cwd=/home/treacy998/dev/blog/irish-energy-blog/pipeline)
2026-05-18 19:38:23  INFO      new_daily: pipeline exit code 1
2026-05-18 19:38:23  ERROR     new_daily: pipeline failed
2026-05-18 19:40:15  INFO      Menu selection: daily
2026-05-18 19:40:15  INFO      new_daily: started
2026-05-18 19:40:15  INFO      new_daily: found 5 SEMO files in /home/treacy998/dev/blog/irish-energy-blog/data
2026-05-18 19:40:15  INFO      new_daily: using MarketResult_SEM-DA_PWR-MRC-D+1_20260516100000_20260516105503.csv
2026-05-18 19:40:15  INFO      new_daily: running pipeline /home/treacy998/dev/blog/irish-energy-blog/pipeline/run_daily.py (cwd=/home/treacy998/dev/blog/irish-energy-blog/pipeline)
2026-05-18 19:40:19  INFO      new_daily: pipeline exit code 0
2026-05-18 19:40:19  INFO      new_daily: opening 2026-05-17.md in VS Code
2026-05-18 19:41:07  INFO      Menu selection: preview
2026-05-18 19:41:07  INFO      preview_site: starting Hugo server (hugo=/home/treacy998/.local/bin/hugo, cwd=/home/treacy998/dev/blog/irish-energy-blog/site)
2026-05-18 19:43:32  INFO      preview_site: stopped by user (Ctrl+C)
2026-05-18 19:43:34  INFO      Menu selection: manage
2026-05-18 19:43:46  INFO      Menu selection: manage
2026-05-18 19:43:56  INFO      Menu selection: manage
2026-05-18 19:44:07  INFO      Menu selection: manage
2026-05-18 19:44:26  INFO      Menu selection: manage
2026-05-18 19:44:32  INFO      Menu selection: manage
2026-05-18 19:44:39  INFO      Menu selection: manage
2026-05-18 19:44:45  INFO      Menu selection: manage
2026-05-18 19:44:57  INFO      Menu selection: manage
2026-05-18 19:45:30  INFO      Menu selection: deploy
2026-05-18 19:45:30  INFO      deploy: started
2026-05-18 19:45:43  INFO      deploy: running git add .
2026-05-18 19:45:43  INFO      deploy: add exit code 0
2026-05-18 19:45:43  INFO      deploy: running git commit -m 5 different types of analysis added.
2026-05-18 19:45:43  INFO      deploy: commit exit code 0
2026-05-18 19:45:43  INFO      deploy: running git push
2026-05-18 19:45:45  INFO      deploy: push exit code 0
2026-05-18 19:45:45  INFO      deploy: completed successfully
2026-05-18 20:02:04  INFO      Menu selection: preview
2026-05-18 20:02:04  INFO      preview_site: starting Hugo server (hugo=/home/treacy998/.local/bin/hugo, cwd=/home/treacy998/dev/blog/irish-energy-blog/site)
2026-05-18 20:09:02  INFO      preview_site: stopped by user (Ctrl+C)
2026-05-18 20:09:05  INFO      Menu selection: preview
2026-05-18 20:09:05  INFO      preview_site: starting Hugo server (hugo=/home/treacy998/.local/bin/hugo, cwd=/home/treacy998/dev/blog/irish-energy-blog/site)
2026-05-18 20:09:36  INFO      preview_site: stopped by user (Ctrl+C)
2026-05-18 20:09:49  INFO      Menu selection: preview
2026-05-18 20:09:49  INFO      preview_site: starting Hugo server (hugo=/home/treacy998/.local/bin/hugo, cwd=/home/treacy998/dev/blog/irish-energy-blog/site)
2026-05-18 20:13:06  INFO      preview_site: stopped by user (Ctrl+C)
2026-05-18 20:13:13  INFO      Menu selection: quit
2026-05-18 20:13:15  INFO      ============================================================
2026-05-18 20:13:15  INFO      blog TUI started
2026-05-18 20:13:15  INFO      Python 3.13.7, sys.executable=/home/treacy998/dev/blog/irish-energy-blog/venv/bin/python
2026-05-18 20:13:15  INFO      ROOT=/home/treacy998/dev/blog/irish-energy-blog, HUGO=/home/treacy998/.local/bin/hugo
2026-05-18 20:13:15  INFO      HUGO exists: True
2026-05-18 20:13:15  INFO      Entering main menu
2026-05-18 20:20:12  INFO      Menu selection: preview
2026-05-18 20:20:12  INFO      preview_site: starting Hugo server (hugo=/home/treacy998/.local/bin/hugo, cwd=/home/treacy998/dev/blog/irish-energy-blog/site)
2026-05-18 20:23:25  INFO      preview_site: stopped by user (Ctrl+C)
2026-05-18 20:23:28  INFO      Menu selection: quit
2026-05-18 20:23:29  INFO      ============================================================
2026-05-18 20:23:29  INFO      blog TUI started
2026-05-18 20:23:29  INFO      Python 3.13.7, sys.executable=/home/treacy998/dev/blog/irish-energy-blog/venv/bin/python
2026-05-18 20:23:29  INFO      ROOT=/home/treacy998/dev/blog/irish-energy-blog, HUGO=/home/treacy998/.local/bin/hugo
2026-05-18 20:23:29  INFO      HUGO exists: True
2026-05-18 20:23:29  INFO      Entering main menu
2026-05-18 20:23:32  INFO      Menu selection: preview
2026-05-18 20:23:32  INFO      preview_site: starting Hugo server (hugo=/home/treacy998/.local/bin/hugo, cwd=/home/treacy998/dev/blog/irish-energy-blog/site)
2026-05-18 20:26:15  INFO      preview_site: stopped by user (Ctrl+C)
2026-05-18 20:26:18  INFO      Menu selection: preview
2026-05-18 20:26:18  INFO      preview_site: starting Hugo server (hugo=/home/treacy998/.local/bin/hugo, cwd=/home/treacy998/dev/blog/irish-energy-blog/site)
2026-05-19 11:19:41  INFO      preview_site: stopped by user (Ctrl+C)
2026-05-19 11:19:44  INFO      Menu selection: manage
2026-05-19 11:19:51  INFO      Menu selection: preview
2026-05-19 11:19:51  INFO      preview_site: starting Hugo server (hugo=/home/treacy998/.local/bin/hugo, cwd=/home/treacy998/dev/blog/irish-energy-blog/site)
2026-05-19 11:20:35  INFO      preview_site: stopped by user (Ctrl+C)
2026-05-19 11:20:38  INFO      Menu selection: manage
2026-05-19 11:21:06  INFO      Menu selection: quit
2026-05-19 11:21:09  INFO      ============================================================
2026-05-19 11:21:09  INFO      blog TUI started
2026-05-19 11:21:09  INFO      Python 3.13.7, sys.executable=/home/treacy998/dev/blog/irish-energy-blog/venv/bin/python
2026-05-19 11:21:09  INFO      ROOT=/home/treacy998/dev/blog/irish-energy-blog, HUGO=/home/treacy998/.local/bin/hugo
2026-05-19 11:21:09  INFO      HUGO exists: True
2026-05-19 11:21:09  INFO      Entering main menu
2026-05-19 11:21:10  INFO      Menu selection: manage
2026-05-19 11:21:15  INFO      Menu selection: preview
2026-05-19 11:21:15  INFO      preview_site: starting Hugo server (hugo=/home/treacy998/.local/bin/hugo, cwd=/home/treacy998/dev/blog/irish-energy-blog/site)
2026-05-19 11:24:22  INFO      preview_site: stopped by user (Ctrl+C)
2026-05-19 11:24:24  INFO      Menu selection: quit
2026-05-19 11:29:55  INFO      ============================================================
2026-05-19 11:29:55  INFO      blog TUI started
2026-05-19 11:29:55  INFO      Python 3.13.7, sys.executable=/home/treacy998/dev/blog/irish-energy-blog/venv/bin/python
2026-05-19 11:29:55  INFO      ROOT=/home/treacy998/dev/blog/irish-energy-blog, HUGO=/home/treacy998/.local/bin/hugo
2026-05-19 11:29:55  INFO      HUGO exists: True
2026-05-19 11:29:55  INFO      Entering main menu
2026-05-19 11:29:57  INFO      Menu selection: manage
2026-05-19 11:34:42  INFO      Menu selection: quit
2026-05-19 11:49:37  INFO      ============================================================
2026-05-19 11:49:37  INFO      blog TUI started
2026-05-19 11:49:37  INFO      Python 3.13.7, sys.executable=/home/treacy998/dev/blog/irish-energy-blog/venv/bin/python
2026-05-19 11:49:37  INFO      ROOT=/home/treacy998/dev/blog/irish-energy-blog, HUGO=/home/treacy998/.local/bin/hugo
2026-05-19 11:49:37  INFO      HUGO exists: True
2026-05-19 11:49:37  INFO      Entering main menu
2026-05-19 11:59:28  INFO      Menu selection: quit
2026-05-19 12:00:34  INFO      ============================================================
2026-05-19 12:00:34  INFO      blog TUI started
2026-05-19 12:00:34  INFO      Python 3.13.7, sys.executable=/home/treacy998/dev/blog/irish-energy-blog/venv/bin/python
2026-05-19 12:00:34  INFO      ROOT=/home/treacy998/dev/blog/irish-energy-blog, HUGO=/home/treacy998/.local/bin/hugo
2026-05-19 12:00:34  INFO      HUGO exists: True
2026-05-19 12:00:34  INFO      Entering main menu
2026-05-19 12:00:55  INFO      Menu selection: quit
2026-05-19 12:03:53  INFO      ============================================================
2026-05-19 12:03:53  INFO      blog TUI started
2026-05-19 12:03:53  INFO      Python 3.13.7, sys.executable=/home/treacy998/dev/blog/irish-energy-blog/venv/bin/python
2026-05-19 12:03:53  INFO      ROOT=/home/treacy998/dev/blog/irish-energy-blog, HUGO=/home/treacy998/.local/bin/hugo
2026-05-19 12:03:53  INFO      HUGO exists: True
2026-05-19 12:03:53  INFO      Entering main menu
2026-05-19 12:03:55  INFO      Menu selection: preview
2026-05-19 12:03:55  INFO      preview_site: starting Hugo server (hugo=/home/treacy998/.local/bin/hugo, cwd=/home/treacy998/dev/blog/irish-energy-blog/site)
2026-05-19 12:23:43  INFO      ============================================================
2026-05-19 12:23:43  INFO      blog TUI started
2026-05-20 13:01:27  INFO      preview_site: stopped by user (Ctrl+C)
2026-05-20 13:01:30  INFO      Menu selection: quit
